<?xml version="1.0" encoding="UTF-8"?>
<testsuite xmlns:xsi="http://www.w3.org/2001/XMLSchema-instance" xsi:noNamespaceSchemaLocation="https://maven.apache.org/surefire/maven-surefire-plugin/xsd/surefire-test-report-3.0.xsd" version="3.0" name="com.bus.demo.DemoApplicationTests" time="21.034" tests="1" errors="0" skipped="0" failures="0">
  <properties>
[...]
</properties>
  <testcase name="contextLoads" classname="com.bus.demo.DemoApplicationTests" time="1.353">
    <system-out><![CDATA[21:05:52.777 [main] INFO org.springframework.test.context.support.AnnotationConfigContextLoaderUtils -- Could not detect default configuration classes for test class [com.bus.demo.DemoApplicationTests]: DemoApplicationTests does not declare any static, non-private, non-final, nested classes annotated with @Configuration.
21:05:52.894 [main] INFO org.springframework.boot.test.context.SpringBootTestContextBootstrapper -- Found @SpringBootConfiguration com.bus.demo.DemoApplication for test class com.bus.demo.DemoApplicationTests

  .   ____          _            __ _ _
 /\\ / ___'_ __ _ _(_)_ __  __ _ \ \ \ \
( ( )\___ | '_ | '_| | '_ \/ _` | \ \ \ \
 \\/  ___)| |_)| | | | | || (_| |  ) ) ) )
  '  |____| .__|_| |_|_| |_\__, | / / / /
 =========|_|==============|___/=/_/_/_/
 :: Spring Boot ::                (v3.1.0)

2023-06-29T21:05:53.485+07:00  INFO 1728 --- [           main] com.bus.demo.DemoApplicationTests        : Starting DemoApplicationTests using Java 17.0.6 with PID 1728 (started by Admin in D:\eclipse-workspace\BusBE)
2023-06-29T21:05:53.487+07:00  INFO 1728 --- [           main] com.bus.demo.DemoApplicationTests        : No active profile set, falling back to 1 default profile: "default"
2023-06-29T21:05:54.365+07:00  INFO 1728 --- [           main] .s.d.r.c.RepositoryConfigurationDelegate : Bootstrapping Spring Data JPA repositories in DEFAULT mode.
2023-06-29T21:05:54.426+07:00  INFO 1728 --- [           main] .s.d.r.c.RepositoryConfigurationDelegate : Finished Spring Data repository scanning in 54 ms. Found 6 JPA repository interfaces.
2023-06-29T21:05:55.007+07:00  INFO 1728 --- [           main] com.zaxxer.hikari.HikariDataSource       : HikariPool-1 - Starting...
2023-06-29T21:06:00.701+07:00  INFO 1728 --- [           main] com.zaxxer.hikari.pool.HikariPool        : HikariPool-1 - Added connection oracle.jdbc.driver.T4CConnection@5c931134
2023-06-29T21:06:00.717+07:00  INFO 1728 --- [           main] com.zaxxer.hikari.HikariDataSource       : HikariPool-1 - Start completed.
2023-06-29T21:06:01.090+07:00  INFO 1728 --- [           main] o.hibernate.jpa.internal.util.LogHelper  : HHH000204: Processing PersistenceUnitInfo [name: default]
2023-06-29T21:06:01.632+07:00  INFO 1728 --- [           main] org.hibernate.Version                    : HHH000412: Hibernate ORM core version 6.2.2.Final
2023-06-29T21:06:01.640+07:00  INFO 1728 --- [           main] org.hibernate.cfg.Environment            : HHH000406: Using bytecode reflection optimizer
2023-06-29T21:06:02.033+07:00  INFO 1728 --- [           main] o.h.b.i.BytecodeProviderInitiator        : HHH000021: Bytecode provider name : bytebuddy
2023-06-29T21:06:02.458+07:00  INFO 1728 --- [           main] o.s.o.j.p.SpringPersistenceUnitInfo      : No LoadTimeWeaver setup: ignoring JPA class transformer
2023-06-29T21:06:02.923+07:00  INFO 1728 --- [           main] org.hibernate.orm.dialect                : HHH035001: Using dialect: org.hibernate.dialect.OracleDialect, version: 11.2
2023-06-29T21:06:07.233+07:00  INFO 1728 --- [           main] o.h.b.i.BytecodeProviderInitiator        : HHH000021: Bytecode provider name : bytebuddy
Hibernate: create global temporary table HTE_ticket(rn_ number(10,0) not null, bill_id number(19,0), ticket_id number(19,0), primary key (rn_)) on commit delete rows
Hibernate: create global temporary table HTE_userrss(rn_ number(10,0) not null, user_balance number(10,0), user_id number(19,0), address varchar2(255 char), email varchar2(255 char), is_active varchar2(255 char), password varchar2(255 char), phone_number varchar2(255 char), role varchar2(255 char), user_name varchar2(255 char), primary key (rn_)) on commit delete rows
Hibernate: create global temporary table HTE_seat(rn_ number(10,0) not null, seat_price number(10,0), schedule_id number(19,0), seat_id number(19,0), ticket_id number(19,0), seat_no varchar2(255 char), primary key (rn_)) on commit delete rows
Hibernate: create global temporary table HTE_bus(bus_seat number(10,0), rn_ number(10,0) not null, bus_id number(19,0), bus_name varchar2(255 char), from_locate varchar2(255 char), image_bus varchar2(255 char), to_locate varchar2(255 char), primary key (rn_)) on commit delete rows
Hibernate: create global temporary table HTE_bill(rn_ number(10,0) not null, total_price number(10,0), bill_id number(19,0), user_id number(19,0), bill_status varchar2(255 char), primary key (rn_)) on commit delete rows
Hibernate: create global temporary table HTE_schedule(rn_ number(10,0) not null, seat_left number(10,0), total_seat number(10,0), bus_id number(19,0), schedule_id number(19,0), end_time varchar2(255 char), start_date varchar2(255 char), start_time varchar2(255 char), primary key (rn_)) on commit delete rows
2023-06-29T21:06:10.514+07:00  INFO 1728 --- [           main] o.h.e.t.j.p.i.JtaPlatformInitiator       : HHH000490: Using JtaPlatform implementation: [org.hibernate.engine.transaction.jta.platform.internal.NoJtaPlatform]
2023-06-29T21:06:10.518+07:00  INFO 1728 --- [           main] j.LocalContainerEntityManagerFactoryBean : Initialized JPA EntityManagerFactory for persistence unit 'default'
2023-06-29T21:06:10.827+07:00  INFO 1728 --- [           main] o.s.d.j.r.query.QueryEnhancerFactory     : Hibernate is in classpath; If applicable, HQL parser will be used.
2023-06-29T21:06:11.598+07:00  WARN 1728 --- [           main] JpaBaseConfiguration$JpaWebConfiguration : spring.jpa.open-in-view is enabled by default. Therefore, database queries may be performed during view rendering. Explicitly configure spring.jpa.open-in-view to disable this warning
2023-06-29T21:06:12.037+07:00  INFO 1728 --- [           main] com.bus.demo.DemoApplicationTests        : Started DemoApplicationTests in 18.853 seconds (process running for 21.837)
]]></system-out>
  </testcase>
</testsuite>